<?xml version="1.0" encoding="UTF-8"?>
<!-- Generated by org.testng.reporters.JUnitXMLReporter -->
<testsuite hostname="DLI10-IT-DHRM" name="firefox" tests="1" failures="0" timestamp="16 Dec 2019 14:07:33 GMT" time="18.574" errors="0">
  <testcase name="@BeforeClass driverInitialisation" time="0.0" classname="com.safexp.MDM.automation.testcases.Usermanagement.UsercreationTest">
    <failure type="org.openqa.selenium.WebDriverException" message="Reached error page: about:neterror?e=dnsNotFound&amp;amp;u=http%3A//internal-a7dc028c9079111ea86a00a1a1c1cf90-560679781.ap-south-1.elb.amazonaws.com/userwebui/&amp;amp;c=UTF-8&amp;amp;f=regular&amp;amp;d=We%20can%E2%80%99t%20connect%20to%20the%20server%20at%20internal-a7dc028c9079111ea86a00a1a1c1cf90-560679781.ap-south-1.elb.amazonaws.com.
Build info: version: &amp;apos;4.0.0-alpha-2&amp;apos;, revision: &amp;apos;f148142cf8&amp;apos;, time: &amp;apos;2019-07-01T20:55:26&amp;apos;
System info: host: &amp;apos;DLI10-IT-DHRM&amp;apos;, ip: &amp;apos;10.8.0.32&amp;apos;, os.name: &amp;apos;Windows 10&amp;apos;, os.arch: &amp;apos;amd64&amp;apos;, os.version: &amp;apos;10.0&amp;apos;, java.version: &amp;apos;1.8.0_211&amp;apos;
Driver info: org.openqa.selenium.firefox.FirefoxDriver
Capabilities {acceptInsecureCerts: true, browserName: firefox, browserVersion: 70.0.1, javascriptEnabled: true, moz:accessibilityChecks: false, moz:buildID: 20191030021342, moz:geckodriverVersion: 0.26.0, moz:headless: false, moz:processID: 2800, moz:profile: C:\Users\80127\AppData\Loca..., moz:shutdownTimeout: 60000, moz:useNonSpecCompliantPointerOrigin: false, moz:webdriverClick: true, pageLoadStrategy: normal, platform: WINDOWS, platformName: WINDOWS, platformVersion: 10.0, rotatable: false, setWindowRect: true, strictFileInteractability: false, timeouts: {implicit: 0, pageLoad: 300000, script: 30000}, unhandledPromptBehavior: dismiss and notify}
Session ID: fdc0e995-71c3-4bc6-bcc9-b7c852871286">
      <![CDATA[org.openqa.selenium.WebDriverException: Reached error page: about:neterror?e=dnsNotFound&u=http%3A//internal-a7dc028c9079111ea86a00a1a1c1cf90-560679781.ap-south-1.elb.amazonaws.com/userwebui/&c=UTF-8&f=regular&d=We%20can%E2%80%99t%20connect%20to%20the%20server%20at%20internal-a7dc028c9079111ea86a00a1a1c1cf90-560679781.ap-south-1.elb.amazonaws.com.
Build info: version: '4.0.0-alpha-2', revision: 'f148142cf8', time: '2019-07-01T20:55:26'
System info: host: 'DLI10-IT-DHRM', ip: '10.8.0.32', os.name: 'Windows 10', os.arch: 'amd64', os.version: '10.0', java.version: '1.8.0_211'
Driver info: org.openqa.selenium.firefox.FirefoxDriver
Capabilities {acceptInsecureCerts: true, browserName: firefox, browserVersion: 70.0.1, javascriptEnabled: true, moz:accessibilityChecks: false, moz:buildID: 20191030021342, moz:geckodriverVersion: 0.26.0, moz:headless: false, moz:processID: 2800, moz:profile: C:\Users\80127\AppData\Loca..., moz:shutdownTimeout: 60000, moz:useNonSpecCompliantPointerOrigin: false, moz:webdriverClick: true, pageLoadStrategy: normal, platform: WINDOWS, platformName: WINDOWS, platformVersion: 10.0, rotatable: false, setWindowRect: true, strictFileInteractability: false, timeouts: {implicit: 0, pageLoad: 300000, script: 30000}, unhandledPromptBehavior: dismiss and notify}
Session ID: fdc0e995-71c3-4bc6-bcc9-b7c852871286
	at org.openqa.selenium.remote.codec.w3c.W3CHttpResponseCodec.createException(W3CHttpResponseCodec.java:191)
	at org.openqa.selenium.remote.codec.w3c.W3CHttpResponseCodec.decode(W3CHttpResponseCodec.java:125)
	at org.openqa.selenium.remote.codec.w3c.W3CHttpResponseCodec.decode(W3CHttpResponseCodec.java:52)
	at org.openqa.selenium.remote.HttpCommandExecutor.execute(HttpCommandExecutor.java:161)
	at org.openqa.selenium.remote.service.DriverCommandExecutor.execute(DriverCommandExecutor.java:83)
	at org.openqa.selenium.remote.RemoteWebDriver.execute(RemoteWebDriver.java:576)
	at org.openqa.selenium.remote.RemoteWebDriver.get(RemoteWebDriver.java:276)
	at com.safexp.MDM.automation.Utility.UtilityClass.launchUrl(UtilityClass.java:142)
	at com.safexp.MDM.automation.testcases.Usermanagement.UsercreationTest.driverInitialisation(UsercreationTest.java:31)
... Removed 28 stack frames]]>
    </failure>
  </testcase> <!-- @BeforeClass driverInitialisation -->
  <testcase name="@AfterClass closeOpenWindows1" time="0.0" classname="com.safexp.MDM.automation.testcases.Usermanagement.UsercreationTest">
    <skipped/>
  </testcase> <!-- @AfterClass closeOpenWindows1 -->
  <testcase name="@AfterTest closeOpenWindows" time="0.0" classname="com.safexp.MDM.automation.testcases.Usermanagement.UsercreationTest">
    <skipped/>
  </testcase> <!-- @AfterTest closeOpenWindows -->
  <testcase name="hybridTestAutomation" time="0.003" classname="com.safexp.MDM.automation.testcases.Usermanagement.UsercreationTest">
    <skipped/>
  </testcase> <!-- hybridTestAutomation -->
</testsuite> <!-- firefox -->
