<?xml version="1.0" encoding="UTF-8"?>
<testng-results skipped="0" failed="0" total="1" passed="1">
  <reporter-output>
  </reporter-output>
  <suite name="Default suite" duration-ms="22154" started-at="2019-10-31T08:58:33Z" finished-at="2019-10-31T08:58:55Z">
    <groups>
    </groups>
    <test name="Default test" duration-ms="22154" started-at="2019-10-31T08:58:33Z" finished-at="2019-10-31T08:58:55Z">
      <class name="com.safexp.MDM.automation.testcases.TestngDemo">
        <test-method status="PASS" signature="driverInitialisation()[pri:0, instance:com.safexp.MDM.automation.testcases.TestngDemo@6574b225]" name="driverInitialisation" is-config="true" duration-ms="5507" started-at="2019-10-31T14:28:33Z" finished-at="2019-10-31T14:28:38Z">
          <reporter-output>
          </reporter-output>
        </test-method> <!-- driverInitialisation -->
        <test-method status="PASS" signature="hybridTestAutomation()[pri:0, instance:com.safexp.MDM.automation.testcases.TestngDemo@6574b225]" name="hybridTestAutomation" duration-ms="16624" started-at="2019-10-31T14:28:38Z" finished-at="2019-10-31T14:28:55Z">
          <reporter-output>
          </reporter-output>
        </test-method> <!-- hybridTestAutomation -->
      </class> <!-- com.safexp.MDM.automation.testcases.TestngDemo -->
    </test> <!-- Default test -->
  </suite> <!-- Default suite -->
</testng-results>
