<?xml version="1.0" encoding="UTF-8"?>
<!-- Generated by org.testng.reporters.JUnitXMLReporter -->
<testsuite hostname="DLI10-IT-DHRM" name="test1" tests="3" failures="3" timestamp="27 Dec 2019 11:04:59 GMT" time="4.439" errors="0">
  <testcase name="TestCase" time="3.393" classname="com.safexpress.MDM.API_Automation.testcases.UsermanagementAPITest">
    <failure type="java.lang.NullPointerException">
      <![CDATA[java.lang.NullPointerException
	at com.safexpress.MDM.API_Automation.pagelibrary.PageForPostRequest.verifyPostSuccess(PageForPostRequest.java:161)
	at com.safexpress.MDM.API_Automation.testcases.UsermanagementAPITest.TestCase(UsermanagementAPITest.java:68)
... Removed 24 stack frames]]>
    </failure>
  </testcase> <!-- TestCase -->
  <testcase name="TestCase" time="0.268" classname="com.safexpress.MDM.API_Automation.testcases.UsermanagementAPITest">
    <failure type="java.lang.NullPointerException">
      <![CDATA[java.lang.NullPointerException
	at com.safexpress.MDM.API_Automation.pagelibrary.PageForGetRequest.verifyGetSuccess(PageForGetRequest.java:70)
	at com.safexpress.MDM.API_Automation.testcases.UsermanagementAPITest.TestCase(UsermanagementAPITest.java:49)
... Removed 24 stack frames]]>
    </failure>
  </testcase> <!-- TestCase -->
  <testcase name="TestCase" time="0.25" classname="com.safexpress.MDM.API_Automation.testcases.UsermanagementAPITest">
    <failure type="java.lang.NullPointerException">
      <![CDATA[java.lang.NullPointerException
	at com.safexpress.MDM.API_Automation.pagelibrary.PageForPutRequest.verifyPutSuccess(PageForPutRequest.java:154)
	at com.safexpress.MDM.API_Automation.testcases.UsermanagementAPITest.TestCase(UsermanagementAPITest.java:113)
... Removed 24 stack frames]]>
    </failure>
  </testcase> <!-- TestCase -->
</testsuite> <!-- test1 -->
