<?xml version="1.0" encoding="UTF-8"?>
<!-- Generated by org.testng.reporters.JUnitXMLReporter -->
<testsuite hostname="DLI10-IT-DHRM" name="Test" tests="3" failures="0" timestamp="24 Dec 2019 09:55:13 GMT" time="55.553" errors="0">
  <testcase name="testGetRequest" time="44.112" classname="com.safexpress.MDM.API_Automation.testcases.UsermanagementAPITest"/>
  <testcase name="testGetRequest" time="3.09" classname="com.safexpress.MDM.API_Automation.testcases.UsermanagementAPITest"/>
  <testcase name="testGetRequest" time="7.927" classname="com.safexpress.MDM.API_Automation.testcases.UsermanagementAPITest"/>
</testsuite> <!-- Test -->
