<?xml version="1.0" encoding="UTF-8"?>
<testng-results skipped="0" failed="2" total="2" passed="0">
  <reporter-output>
  </reporter-output>
  <suite name="Suite" duration-ms="42212" started-at="2020-01-03T11:28:23Z" finished-at="2020-01-03T11:29:06Z">
    <groups>
    </groups>
    <test name="Test" duration-ms="42212" started-at="2020-01-03T11:28:23Z" finished-at="2020-01-03T11:29:06Z">
      <class name="com.safexp.MDM.automation.testcases.Usermanagement.UsercreationTest">
        <test-method status="PASS" signature="OR_Log_Extent_Initialisation()[pri:0, instance:com.safexp.MDM.automation.testcases.Usermanagement.UsercreationTest@64c87930]" name="OR_Log_Extent_Initialisation" is-config="true" duration-ms="229" started-at="2020-01-03T16:58:23Z" finished-at="2020-01-03T16:58:24Z">
          <reporter-output>
          </reporter-output>
        </test-method> <!-- OR_Log_Extent_Initialisation -->
        <test-method status="PASS" signature="appLaunch()[pri:0, instance:com.safexp.MDM.automation.testcases.Usermanagement.UsercreationTest@64c87930]" name="appLaunch" is-config="true" duration-ms="13354" started-at="2020-01-03T16:58:24Z" finished-at="2020-01-03T16:58:37Z">
          <reporter-output>
          </reporter-output>
        </test-method> <!-- appLaunch -->
        <test-method status="FAIL" signature="hybridTestAutomation(java.lang.String, java.lang.String, java.lang.String)[pri:0, instance:com.safexp.MDM.automation.testcases.Usermanagement.UsercreationTest@64c87930]" name="hybridTestAutomation" duration-ms="1257" started-at="2020-01-03T16:58:37Z" data-provider="executableTestID_provider" finished-at="2020-01-03T16:58:39Z">
          <params>
            <param index="0">
              <value>
                <![CDATA[TC01]]>
              </value>
            </param>
            <param index="1">
              <value>
                <![CDATA[VerifyUserCreation_AllFields]]>
              </value>
            </param>
            <param index="2">
              <value>
                <![CDATA[createUser]]>
              </value>
            </param>
          </params>
          <exception class="com.google.common.base.VerifyException">
            <full-stacktrace>
              <![CDATA[com.google.common.base.VerifyException
	at com.google.common.base.Verify.verify(Verify.java:100)
	at com.safexp.MDM.automation.managerClasses.HybridFrameworkDriver.hybridTestAutomation(HybridFrameworkDriver.java:120)
	at com.safexp.MDM.automation.testcases.Usermanagement.UsercreationTest.hybridTestAutomation(UsercreationTest.java:58)
	at sun.reflect.NativeMethodAccessorImpl.invoke0(Native Method)
	at sun.reflect.NativeMethodAccessorImpl.invoke(NativeMethodAccessorImpl.java:62)
	at sun.reflect.DelegatingMethodAccessorImpl.invoke(DelegatingMethodAccessorImpl.java:43)
	at java.lang.reflect.Method.invoke(Method.java:498)
	at org.testng.internal.MethodInvocationHelper.invokeMethod(MethodInvocationHelper.java:80)
	at org.testng.internal.Invoker.invokeMethod(Invoker.java:715)
	at org.testng.internal.Invoker.invokeTestMethod(Invoker.java:907)
	at org.testng.internal.Invoker.invokeTestMethods(Invoker.java:1237)
	at org.testng.internal.TestMethodWorker.invokeTestMethods(TestMethodWorker.java:127)
	at org.testng.internal.TestMethodWorker.run(TestMethodWorker.java:111)
	at org.testng.TestRunner.privateRun(TestRunner.java:767)
	at org.testng.TestRunner.run(TestRunner.java:617)
	at org.testng.SuiteRunner.runTest(SuiteRunner.java:334)
	at org.testng.SuiteRunner.runSequentially(SuiteRunner.java:329)
	at org.testng.SuiteRunner.privateRun(SuiteRunner.java:291)
	at org.testng.SuiteRunner.run(SuiteRunner.java:240)
	at org.testng.SuiteRunnerWorker.runSuite(SuiteRunnerWorker.java:51)
	at org.testng.SuiteRunnerWorker.run(SuiteRunnerWorker.java:85)
	at org.testng.TestNG.runSuitesSequentially(TestNG.java:1197)
	at org.testng.TestNG.runSuitesLocally(TestNG.java:1122)
	at org.testng.TestNG.run(TestNG.java:1030)
	at org.testng.remote.AbstractRemoteTestNG.run(AbstractRemoteTestNG.java:115)
	at org.testng.remote.RemoteTestNG.initAndRun(RemoteTestNG.java:251)
	at org.testng.remote.RemoteTestNG.main(RemoteTestNG.java:77)
]]>
            </full-stacktrace>
          </exception> <!-- com.google.common.base.VerifyException -->
          <reporter-output>
          </reporter-output>
        </test-method> <!-- hybridTestAutomation -->
        <test-method status="PASS" signature="closeOpenWindow()[pri:0, instance:com.safexp.MDM.automation.testcases.Usermanagement.UsercreationTest@64c87930]" name="closeOpenWindow" is-config="true" duration-ms="5286" started-at="2020-01-03T16:58:39Z" finished-at="2020-01-03T16:58:44Z">
          <reporter-output>
          </reporter-output>
        </test-method> <!-- closeOpenWindow -->
        <test-method status="PASS" signature="appLaunch()[pri:0, instance:com.safexp.MDM.automation.testcases.Usermanagement.UsercreationTest@64c87930]" name="appLaunch" is-config="true" duration-ms="13043" started-at="2020-01-03T16:58:44Z" finished-at="2020-01-03T16:58:57Z">
          <reporter-output>
          </reporter-output>
        </test-method> <!-- appLaunch -->
        <test-method status="FAIL" signature="hybridTestAutomation(java.lang.String, java.lang.String, java.lang.String)[pri:0, instance:com.safexp.MDM.automation.testcases.Usermanagement.UsercreationTest@64c87930]" name="hybridTestAutomation" duration-ms="942" started-at="2020-01-03T16:58:57Z" data-provider="executableTestID_provider" finished-at="2020-01-03T16:58:58Z">
          <params>
            <param index="0">
              <value>
                <![CDATA[TC02]]>
              </value>
            </param>
            <param index="1">
              <value>
                <![CDATA[VerifyUserCreation_ManditoryFields]]>
              </value>
            </param>
            <param index="2">
              <value>
                <![CDATA[createUser]]>
              </value>
            </param>
          </params>
          <exception class="com.google.common.base.VerifyException">
            <full-stacktrace>
              <![CDATA[com.google.common.base.VerifyException
	at com.google.common.base.Verify.verify(Verify.java:100)
	at com.safexp.MDM.automation.managerClasses.HybridFrameworkDriver.hybridTestAutomation(HybridFrameworkDriver.java:120)
	at com.safexp.MDM.automation.testcases.Usermanagement.UsercreationTest.hybridTestAutomation(UsercreationTest.java:58)
	at sun.reflect.NativeMethodAccessorImpl.invoke0(Native Method)
	at sun.reflect.NativeMethodAccessorImpl.invoke(NativeMethodAccessorImpl.java:62)
	at sun.reflect.DelegatingMethodAccessorImpl.invoke(DelegatingMethodAccessorImpl.java:43)
	at java.lang.reflect.Method.invoke(Method.java:498)
	at org.testng.internal.MethodInvocationHelper.invokeMethod(MethodInvocationHelper.java:80)
	at org.testng.internal.Invoker.invokeMethod(Invoker.java:715)
	at org.testng.internal.Invoker.invokeTestMethod(Invoker.java:907)
	at org.testng.internal.Invoker.invokeTestMethods(Invoker.java:1237)
	at org.testng.internal.TestMethodWorker.invokeTestMethods(TestMethodWorker.java:127)
	at org.testng.internal.TestMethodWorker.run(TestMethodWorker.java:111)
	at org.testng.TestRunner.privateRun(TestRunner.java:767)
	at org.testng.TestRunner.run(TestRunner.java:617)
	at org.testng.SuiteRunner.runTest(SuiteRunner.java:334)
	at org.testng.SuiteRunner.runSequentially(SuiteRunner.java:329)
	at org.testng.SuiteRunner.privateRun(SuiteRunner.java:291)
	at org.testng.SuiteRunner.run(SuiteRunner.java:240)
	at org.testng.SuiteRunnerWorker.runSuite(SuiteRunnerWorker.java:51)
	at org.testng.SuiteRunnerWorker.run(SuiteRunnerWorker.java:85)
	at org.testng.TestNG.runSuitesSequentially(TestNG.java:1197)
	at org.testng.TestNG.runSuitesLocally(TestNG.java:1122)
	at org.testng.TestNG.run(TestNG.java:1030)
	at org.testng.remote.AbstractRemoteTestNG.run(AbstractRemoteTestNG.java:115)
	at org.testng.remote.RemoteTestNG.initAndRun(RemoteTestNG.java:251)
	at org.testng.remote.RemoteTestNG.main(RemoteTestNG.java:77)
]]>
            </full-stacktrace>
          </exception> <!-- com.google.common.base.VerifyException -->
          <reporter-output>
          </reporter-output>
        </test-method> <!-- hybridTestAutomation -->
        <test-method status="PASS" signature="closeOpenWindow()[pri:0, instance:com.safexp.MDM.automation.testcases.Usermanagement.UsercreationTest@64c87930]" name="closeOpenWindow" is-config="true" duration-ms="7394" started-at="2020-01-03T16:58:58Z" finished-at="2020-01-03T16:59:06Z">
          <reporter-output>
          </reporter-output>
        </test-method> <!-- closeOpenWindow -->
        <test-method status="PASS" signature="closeOpenWindows1()[pri:0, instance:com.safexp.MDM.automation.testcases.Usermanagement.UsercreationTest@64c87930]" name="closeOpenWindows1" is-config="true" duration-ms="0" started-at="2020-01-03T16:59:06Z" finished-at="2020-01-03T16:59:06Z">
          <reporter-output>
          </reporter-output>
        </test-method> <!-- closeOpenWindows1 -->
        <test-method status="PASS" signature="closeOpenWindows()[pri:0, instance:com.safexp.MDM.automation.testcases.Usermanagement.UsercreationTest@64c87930]" name="closeOpenWindows" is-config="true" duration-ms="1" started-at="2020-01-03T16:59:06Z" finished-at="2020-01-03T16:59:06Z">
          <reporter-output>
          </reporter-output>
        </test-method> <!-- closeOpenWindows -->
      </class> <!-- com.safexp.MDM.automation.testcases.Usermanagement.UsercreationTest -->
    </test> <!-- Test -->
  </suite> <!-- Suite -->
</testng-results>
