<?xml version="1.0" encoding="UTF-8"?>
<!-- Generated by org.testng.reporters.JUnitXMLReporter -->
<testsuite hostname="DLI10-IT-DHRM" name="test1" tests="3" failures="0" timestamp="26 Dec 2019 05:37:59 GMT" time="11.74" errors="0">
  <testcase name="testGetRequest" time="10.04" classname="com.safexpress.MDM.API_Automation.testcases.UsermanagementAPITest"/>
  <testcase name="testGetRequest" time="0.887" classname="com.safexpress.MDM.API_Automation.testcases.UsermanagementAPITest"/>
  <testcase name="testGetRequest" time="0.413" classname="com.safexpress.MDM.API_Automation.testcases.UsermanagementAPITest"/>
</testsuite> <!-- test1 -->
