<?xml version="1.0" encoding="UTF-8"?>
<!-- Generated by org.testng.reporters.JUnitXMLReporter -->
<testsuite hostname="DLI10-IT-DHRM" name="test1" tests="3" failures="0" timestamp="26 Dec 2019 05:28:43 GMT" time="6.75" errors="0">
  <testcase name="testGetRequest" time="3.91" classname="com.safexpress.MDM.API_Automation.testcases.UsermanagementAPITest"/>
  <testcase name="testGetRequest" time="1.116" classname="com.safexpress.MDM.API_Automation.testcases.UsermanagementAPITest"/>
  <testcase name="testGetRequest" time="1.701" classname="com.safexpress.MDM.API_Automation.testcases.UsermanagementAPITest"/>
</testsuite> <!-- test1 -->
