<?xml version="1.0" encoding="UTF-8"?>
<testsuite xmlns:xsi="http://www.w3.org/2001/XMLSchema-instance" xsi:noNamespaceSchemaLocation="https://maven.apache.org/surefire/maven-surefire-plugin/xsd/surefire-test-report.xsd" name="TestSuite" time="16.545" tests="3" errors="0" skipped="0" failures="3">
  <properties>
[...]
</properties>
  <testcase name="hybridTestAutomation" classname="com.safexpress.MDM.API_Automation.testcases.APITestUsermanagement" time="5.987">
    <failure type="com.google.common.base.VerifyException">com.google.common.base.VerifyException
	at com.safexpress.MDM.API_Automation.testcases.APITestUsermanagement.hybridTestAutomation(APITestUsermanagement.java:30)
</failure>
    <system-out><![CDATA[log initialising
extent report initialising
2019-12-27 23:45:44 INFO  APIFrameworkDriver:65 - ....processing POST Request....
2019-12-27 23:45:44 INFO  PageForPostRequest:26 - ....initialising headers......
2019-12-27 23:45:44 INFO  PageForPostRequest:35 - .......headers initialisation done.......
categoryId
145
defaultBranch_addOrRemoveOrUpdate
add
defaultBranch_branchCode
ABO03
defaultBranch_effectiveDate
2019-12-18
defaultBranch_expiryDate
2020-12-18
defaultBranch_isDefault
1
defaultBranch_status
1
description
Test
email
test@test.com
id
0
isAdmin
0
menuHierarchyId
1
mobile
9745441606
name
Dharmendra
previlegeBranches_addOrRemoveOrUpdate
add
previlegeBranches_branchCode
ABO02
previlegeBranches_effectiveDate
2019-12-18
previlegeBranches_expiryDate
2020-12-18
previlegeBranches_isDefault
0
previlegeBranches_status
0
status
1
userId
12066
userRoles_addOrRemoveOrUpdate
add
userRoles_createdBy
rahul
userRoles_description
fdukhd
userRoles_effectiveDate
2019-12-18
userRoles_expiryDate
2020-12-18
userRoles_roleId
1
userRoles_roleName
role1
userRoles_status
1
userRoles_updatedBy
ghchv
exiting readData
2019-12-27 23:45:44 INFO  PageForPostRequest:42 - .......creating json string.......
2019-12-27 23:45:44 INFO  PageForPostRequest:86 - .......json string created.......
2019-12-27 23:45:44 INFO  APIFrameworkDriver:75 - JSON is:{
"categoryId":145,
"defaultBranch": {
"addOrRemoveOrUpdate": "add",
"branchCode": "ABO03",
"effectiveDate": "2019-12-18",
"expiryDate": "2020-12-18",
"isDefault":1,
"status":1
},
"description": "Test",
"email": "test@test.com",
"id":0,
"isAdmin":0,
"menuHierarchyId":1,
"mobile": "9745441606",
"name": "Dharmendra",
"previlegeBranches": [
{
"addOrRemoveOrUpdate": "add",
"branchCode": "ABO02",
"effectiveDate": "2019-12-18",
"expiryDate": "2020-12-18",
"isDefault":0,
"status":0
}
],
"status":1,
"userId": "12066",
"userRoles": [
{
"addOrRemoveOrUpdate": "add",
"createdBy": "rahul",
"description": "fdukhd",
"effectiveDate": "2019-12-18",
"expiryDate":"2020-12-18",
"roleId":1,
"roleName": "role1",
"status":1,
"updatedBy":"ghchv"
}
]
}
JSON is:{
"categoryId":145,
"defaultBranch": {
"addOrRemoveOrUpdate": "add",
"branchCode": "ABO03",
"effectiveDate": "2019-12-18",
"expiryDate": "2020-12-18",
"isDefault":1,
"status":1
},
"description": "Test",
"email": "test@test.com",
"id":0,
"isAdmin":0,
"menuHierarchyId":1,
"mobile": "9745441606",
"name": "Dharmendra",
"previlegeBranches": [
{
"addOrRemoveOrUpdate": "add",
"branchCode": "ABO02",
"effectiveDate": "2019-12-18",
"expiryDate": "2020-12-18",
"isDefault":0,
"status":0
}
],
"status":1,
"userId": "12066",
"userRoles": [
{
"addOrRemoveOrUpdate": "add",
"createdBy": "rahul",
"description": "fdukhd",
"effectiveDate": "2019-12-18",
"expiryDate":"2020-12-18",
"roleId":1,
"roleName": "role1",
"status":1,
"updatedBy":"ghchv"
}
]
}
2019-12-27 23:45:44 INFO  PageForPostRequest:92 - .......POST Request is fired for new user :12066.......
2019-12-27 23:45:47 INFO  PageForPostRequest:135 - .........verifying POST success.....
2019-12-27 23:45:47 INFO  PageForPostRequest:160 - ...POST Request not successed
2019-12-27 23:45:47 INFO  APIFrameworkDriver:107 - .............POST Request Processed..................
]]></system-out>
    <system-err><![CDATA[log4j:WARN No appenders could be found for logger (com.safexpress.MDM.API_Automation.testcases.APITestUsermanagement).
log4j:WARN Please initialize the log4j system properly.
log4j:WARN See http://logging.apache.org/log4j/1.2/faq.html#noconfig for more info.
log4j:WARN No such property [maxBackupIndex] in org.apache.log4j.FileAppender.
log4j:WARN No such property [maxFileSize] in org.apache.log4j.FileAppender.
]]></system-err>
  </testcase>
  <testcase name="hybridTestAutomation" classname="com.safexpress.MDM.API_Automation.testcases.APITestUsermanagement" time="3.494">
    <failure type="com.google.common.base.VerifyException">com.google.common.base.VerifyException
	at com.safexpress.MDM.API_Automation.testcases.APITestUsermanagement.hybridTestAutomation(APITestUsermanagement.java:30)
</failure>
    <system-out><![CDATA[2019-12-27 23:45:50 INFO  APIFrameworkDriver:47 - ....processing GET Request....
2019-12-27 23:45:50 INFO  PageForGetRequest:144 - ....initialising headers......
2019-12-27 23:45:50 INFO  PageForGetRequest:153 - .......headers initialisation done.......
userId
12066
id
3464
exiting readData
2019-12-27 23:45:50 INFO  PageForGetRequest:159 - .......GET Request is fired for 12066........
2019-12-27 23:45:50 INFO  PageForGetRequest:168 - .....GET Request has been processed
2019-12-27 23:45:50 INFO  PageForGetRequest:47 - .........verifying GET success.....
2019-12-27 23:45:50 INFO  PageForGetRequest:70 - ...GET Request not successed
2019-12-27 23:45:50 INFO  APIFrameworkDriver:61 - ....GET Request Processed....
]]></system-out>
  </testcase>
  <testcase name="hybridTestAutomation" classname="com.safexpress.MDM.API_Automation.testcases.APITestUsermanagement" time="3.578">
    <failure type="com.google.common.base.VerifyException">com.google.common.base.VerifyException
	at com.safexpress.MDM.API_Automation.testcases.APITestUsermanagement.hybridTestAutomation(APITestUsermanagement.java:30)
</failure>
    <system-out><![CDATA[2019-12-27 23:45:54 INFO  APIFrameworkDriver:111 - .............Processing PUT Request..................
2019-12-27 23:45:54 INFO  PageForPutRequest:24 - ....initialising headers......
2019-12-27 23:45:54 INFO  PageForPutRequest:33 - .......headers initialisation done.......
categoryId
145
defaultBranch_addOrRemoveOrUpdate
add
defaultBranch_branchCode
ABO03
defaultBranch_effectiveDate
2019-12-09
defaultBranch_expiryDate
2020-12-09
defaultBranch_isDefault
1
defaultBranch_status
1
description
Test
email
test@test.com
id
3464
isAdmin
0
menuHierarchyId
1
mobile
9745441606
name
Dharmendra
previlegeBranches_addOrRemoveOrUpdate
add
previlegeBranches_branchCode
ABO02
previlegeBranches_effectiveDate
2019-12-09
previlegeBranches_expiryDate
2019-12-19
previlegeBranches_isDefault
0
previlegeBranches_isDefault
1
status
1
userId
12066
userRoles_addOrRemoveOrUpdate
add
userRoles_createdBy
rahul
userRoles_description
fdukhd
userRoles_effectiveDate
2020-12-09
userRoles_expiryDate
2019-12-09
userRoles_roleId
1
userRoles_roleName
role1
userRoles_status
1
userRoles_updatedBy
ghchv
exiting readData
2019-12-27 23:45:54 INFO  PageForPutRequest:40 - .......creating json string.......
2019-12-27 23:45:54 INFO  PageForPutRequest:85 - .......json string created.......
2019-12-27 23:45:54 INFO  APIFrameworkDriver:121 - JSON is:{
"categoryId":145,
"defaultBranch": {
"addOrRemoveOrUpdate": "add",
"branchCode": "ABO03",
"effectiveDate": "2019-12-09",
"expiryDate": "2020-12-09",
"isDefault":1,
"status":1
},
"description": "Test",
"email": "test@test.com",
"id":3464,
"isAdmin":0,
"menuHierarchyId":1,
"mobile": "9745441606",
"name": "Dharmendra",
"previlegeBranches": [
{
"addOrRemoveOrUpdate": "add",
"branchCode": "ABO02",
"effectiveDate": "2019-12-09",
"expiryDate": "2019-12-19",
"isDefault":1,
"status":null
}
],
"status":1,
"userId": "12066",
"userRoles": [
{
"addOrRemoveOrUpdate": "add",
"createdBy": "rahul",
"description": "fdukhd",
"effectiveDate": "2020-12-09",
"expiryDate":"2019-12-09",
"roleId":1,
"roleName": "role1",
"status":1,
"updatedBy":"ghchv"
}
]
}
2019-12-27 23:45:54 INFO  PageForPutRequest:91 - .......PUT Request is fired for user :12066.......
2019-12-27 23:45:54 INFO  PageForPutRequest:100 - .....user updated successfully
2019-12-27 23:45:54 INFO  PageForPutRequest:128 - ...........verifying PUT Request.............
2019-12-27 23:45:54 INFO  PageForPutRequest:153 - ...PUT Request not successed
2019-12-27 23:45:54 INFO  APIFrameworkDriver:128 - .............PUT Request Processed..................
]]></system-out>
  </testcase>
</testsuite>