<?xml version="1.0" encoding="UTF-8"?>
<!-- Generated by org.testng.reporters.JUnitXMLReporter -->
<testsuite hostname="DLI10-IT-DHRM" name="Test" tests="1" failures="1" timestamp="6 Nov 2019 18:39:34 GMT" time="15.27" errors="0">
  <testcase name="hybridTestAutomation" time="12.765" classname="com.safexp.MDM.automation.testcases.TestngDemo">
    <failure type="java.lang.AssertionError" message="Screenshot of failure">
      <![CDATA[java.lang.AssertionError: Screenshot of failure
	at com.safexp.MDM.automation.managerClasses.HybridFrameworkDriver.hybridTestAutomation(HybridFrameworkDriver.java:116)
	at com.safexp.MDM.automation.testcases.TestngDemo.hybridTestAutomation(TestngDemo.java:48)
... Removed 24 stack frames]]>
    </failure>
  </testcase> <!-- hybridTestAutomation -->
</testsuite> <!-- Test -->
