<?xml version="1.0" encoding="UTF-8"?>
<!-- Generated by org.testng.reporters.JUnitXMLReporter -->
<testsuite hostname="DLI10-IT-DHRM" name="Command line test" tests="1" failures="1" timestamp="27 Nov 2019 10:33:31 GMT" time="39.214" errors="0">
  <testcase name="hybridTestAutomation" time="38.011" classname="com.safexp.MDM.automation.testcases.Usermanagement.UsercreationTest">
    <failure type="com.google.common.base.VerifyException">
      <![CDATA[com.google.common.base.VerifyException
	at com.google.common.base.Verify.verify(Verify.java:100)
	at com.safexp.MDM.automation.managerClasses.HybridFrameworkDriver.hybridTestAutomation(HybridFrameworkDriver.java:119)
	at com.safexp.MDM.automation.testcases.Usermanagement.UsercreationTest.hybridTestAutomation(UsercreationTest.java:28)
	at com.safexp.MDM.automation.testcases.Usermanagement.TestRunner.main(TestRunner.java:21)
... Removed 21 stack frames]]>
    </failure>
  </testcase> <!-- hybridTestAutomation -->
</testsuite> <!-- Command line test -->
